<?xml version="1.0" encoding="UTF-8"?>
<!-- Generated by org.testng.reporters.JUnitReportReporter -->
<testsuite hostname="DESKTOP-HI6U3VV" failures="0" tests="1" name="test.PolicyBazzar" time="37.130" errors="0" timestamp="2023-07-04T22:50:10 IST" skipped="0">
  <testcase classname="test.PolicyBazzar" name="validateUserName1" time="37.130">
    <system-out>
      <![CDATA[Tc excution is started for TcvalidateUserName1
validate username
taking screenshot
TC validateUserName1 passed sucessfully]]>
    </system-out>
  </testcase> <!-- validateUserName1 -->
  <system-out>
    <![CDATA[Launching browser
clicking my account 
click login page
clicking sign in button
entering mobile number
clicking signin with password
entering password
clicking sign in button
clicking my account
clicking my profile
Tc excution is started for TcvalidateUserName1
validate username
taking screenshot
TC validateUserName1 passed sucessfully
logout browser
close browser]]>
  </system-out>
</testsuite> <!-- test.PolicyBazzar -->
