<?xml version="1.0" encoding="UTF-8"?>
<!-- Generated by org.testng.reporters.JUnitReportReporter -->
<testsuite hostname="DESKTOP-HI6U3VV" failures="0" tests="1" name="test.NewTest" time="49.950" errors="0" timestamp="2023-07-03T19:14:50 IST" skipped="0">
  <testcase classname="test.NewTest" name="f" time="49.950"/>
</testsuite> <!-- test.NewTest -->
